[16:14:55:356] [INFO] - org.springframework.boot.logging.DeferredLog.logTo(DeferredLog.java:227) - Devtools property defaults active! Set 'spring.devtools.add-properties' to 'false' to disable
[16:14:55:783] [INFO] - org.springframework.context.support.PostProcessorRegistrationDelegate$BeanPostProcessorChecker.postProcessAfterInitialization(PostProcessorRegistrationDelegate.java:330) - Bean 'org.springframework.cloud.autoconfigure.ConfigurationPropertiesRebinderAutoConfiguration' of type [org.springframework.cloud.autoconfigure.ConfigurationPropertiesRebinderAutoConfiguration$$EnhancerBySpringCGLIB$$f3eb9de6] is not eligible for getting processed by all BeanPostProcessors (for example: not eligible for auto-proxying)
[16:14:56:936] [INFO] - org.springframework.boot.SpringApplication.logStartupProfileInfo(SpringApplication.java:679) - The following profiles are active: default
[16:14:59:025] [INFO] - org.springframework.data.repository.config.RepositoryConfigurationDelegate.multipleStoresDetected(RepositoryConfigurationDelegate.java:244) - Multiple Spring Data modules found, entering strict repository configuration mode!
[16:14:59:029] [INFO] - org.springframework.data.repository.config.RepositoryConfigurationDelegate.registerRepositoriesIn(RepositoryConfigurationDelegate.java:126) - Bootstrapping Spring Data repositories in DEFAULT mode.
[16:14:59:162] [INFO] - org.springframework.data.repository.config.RepositoryConfigurationDelegate.registerRepositoriesIn(RepositoryConfigurationDelegate.java:182) - Finished Spring Data repository scanning in 72ms. Found 0 repository interfaces.
[16:14:59:688] [WARN] - org.springframework.boot.actuate.endpoint.EndpointId.logWarning(EndpointId.java:135) - Endpoint ID 'service-registry' contains invalid characters, please migrate to a valid format.
[16:15:00:170] [INFO] - org.springframework.cloud.context.scope.GenericScope.setSerializationId(GenericScope.java:294) - BeanFactory id=dcc3be6b-d717-3358-aac8-431d998a07e1
[16:15:00:418] [INFO] - org.springframework.context.support.PostProcessorRegistrationDelegate$BeanPostProcessorChecker.postProcessAfterInitialization(PostProcessorRegistrationDelegate.java:330) - Bean 'org.springframework.transaction.annotation.ProxyTransactionManagementConfiguration' of type [org.springframework.transaction.annotation.ProxyTransactionManagementConfiguration$$EnhancerBySpringCGLIB$$d7d19ae9] is not eligible for getting processed by all BeanPostProcessors (for example: not eligible for auto-proxying)
[16:15:00:544] [INFO] - org.springframework.context.support.PostProcessorRegistrationDelegate$BeanPostProcessorChecker.postProcessAfterInitialization(PostProcessorRegistrationDelegate.java:330) - Bean 'redisConfig' of type [top.harvie.ProjectTeam.conf.RedisConfig$$EnhancerBySpringCGLIB$$12fb71b5] is not eligible for getting processed by all BeanPostProcessors (for example: not eligible for auto-proxying)
[16:15:00:586] [INFO] - org.springframework.context.support.PostProcessorRegistrationDelegate$BeanPostProcessorChecker.postProcessAfterInitialization(PostProcessorRegistrationDelegate.java:330) - Bean 'org.springframework.hateoas.config.HateoasConfiguration' of type [org.springframework.hateoas.config.HateoasConfiguration$$EnhancerBySpringCGLIB$$5751e81b] is not eligible for getting processed by all BeanPostProcessors (for example: not eligible for auto-proxying)
[16:15:00:593] [INFO] - org.springframework.context.support.PostProcessorRegistrationDelegate$BeanPostProcessorChecker.postProcessAfterInitialization(PostProcessorRegistrationDelegate.java:330) - Bean 'org.springframework.cloud.autoconfigure.ConfigurationPropertiesRebinderAutoConfiguration' of type [org.springframework.cloud.autoconfigure.ConfigurationPropertiesRebinderAutoConfiguration$$EnhancerBySpringCGLIB$$f3eb9de6] is not eligible for getting processed by all BeanPostProcessors (for example: not eligible for auto-proxying)
[16:15:01:553] [INFO] - org.springframework.boot.web.embedded.tomcat.TomcatWebServer.initialize(TomcatWebServer.java:90) - Tomcat initialized with port(s): 8080 (https)
[16:15:01:569] [INFO] - org.apache.juli.logging.DirectJDKLog.log(DirectJDKLog.java:173) - Initializing ProtocolHandler ["https-jsse-nio-8080"]
[16:15:01:587] [INFO] - org.apache.juli.logging.DirectJDKLog.log(DirectJDKLog.java:173) - Starting service [Tomcat]
[16:15:01:587] [INFO] - org.apache.juli.logging.DirectJDKLog.log(DirectJDKLog.java:173) - Starting Servlet engine: [Apache Tomcat/9.0.16]
[16:15:01:597] [INFO] - org.apache.juli.logging.DirectJDKLog.log(DirectJDKLog.java:173) - The APR based Apache Tomcat Native library which allows optimal performance in production environments was not found on the java.library.path: [C:\Program Files\Java\jdk-11.0.2\bin;C:\Windows\Sun\Java\bin;C:\Windows\system32;C:\Windows;C:\Windows\system32;C:\Windows;C:\Windows\System32\Wbem;C:\Windows\System32\WindowsPowerShell\v1.0\;C:\Windows\System32\OpenSSH\;C:\Program Files\NVIDIA Corporation\NVIDIA NvDLISR;C:\Program Files (x86)\NVIDIA Corporation\PhysX\Common;C:\Program Files\Java\jdk-11.0.2\bin;C:\Program Files\Java\jdk-11.0.2\jre\bin;C:\Program Files\maven\apache-maven-3.6.0\bin\;E:\mysql-8.0.15-winx64\bin;C:\Users\yhy\AppData\Local\Microsoft\WindowsApps;C:\Program Files\Bandizip\;C:\Program Files\JetBrains\IntelliJ IDEA 2018.3.5\bin;;E:\SSH;.]
[16:15:01:781] [INFO] - org.apache.juli.logging.DirectJDKLog.log(DirectJDKLog.java:173) - Initializing Spring embedded WebApplicationContext
[16:15:01:781] [INFO] - org.springframework.boot.web.servlet.context.ServletWebServerApplicationContext.prepareWebApplicationContext(ServletWebServerApplicationContext.java:296) - Root WebApplicationContext: initialization completed in 4829 ms
[16:15:01:924] [WARN] - com.netflix.config.sources.URLConfigurationSource.<init>(URLConfigurationSource.java:121) - No URLs will be polled as dynamic configuration sources.
[16:15:01:925] [INFO] - com.netflix.config.sources.URLConfigurationSource.<init>(URLConfigurationSource.java:122) - To enable URLs as dynamic configuration sources, define System property archaius.configurationSource.additionalUrls or make config.properties available on classpath.
[16:15:01:931] [INFO] - com.netflix.config.DynamicPropertyFactory.getInstance(DynamicPropertyFactory.java:281) - DynamicPropertyFactory is initialized with configuration sources: com.netflix.config.ConcurrentCompositeConfiguration@6410b8d
[16:15:04:134] [INFO] - org.springframework.boot.actuate.endpoint.web.EndpointLinksResolver.<init>(EndpointLinksResolver.java:59) - Exposing 19 endpoint(s) beneath base path '/actuator'
[16:15:04:303] [WARN] - com.netflix.config.sources.URLConfigurationSource.<init>(URLConfigurationSource.java:121) - No URLs will be polled as dynamic configuration sources.
[16:15:04:303] [INFO] - com.netflix.config.sources.URLConfigurationSource.<init>(URLConfigurationSource.java:122) - To enable URLs as dynamic configuration sources, define System property archaius.configurationSource.additionalUrls or make config.properties available on classpath.
[16:15:04:497] [INFO] - org.springframework.scheduling.concurrent.ExecutorConfigurationSupport.initialize(ExecutorConfigurationSupport.java:171) - Initializing ExecutorService 'applicationTaskExecutor'
[16:15:04:550] [INFO] - org.springframework.boot.devtools.autoconfigure.OptionalLiveReloadServer.startServer(OptionalLiveReloadServer.java:57) - LiveReload server is running on port 35729
[16:15:06:607] [INFO] - org.springframework.cloud.netflix.eureka.InstanceInfoFactory.create(InstanceInfoFactory.java:71) - Setting initial instance status as: STARTING
[16:15:06:639] [INFO] - com.netflix.discovery.DiscoveryClient.<init>(DiscoveryClient.java:349) - Initializing Eureka in region us-east-1
[16:15:06:834] [INFO] - com.netflix.discovery.provider.DiscoveryJerseyProvider.<init>(DiscoveryJerseyProvider.java:70) - Using JSON encoding codec LegacyJacksonJson
[16:15:06:834] [INFO] - com.netflix.discovery.provider.DiscoveryJerseyProvider.<init>(DiscoveryJerseyProvider.java:71) - Using JSON decoding codec LegacyJacksonJson
[16:15:07:043] [INFO] - com.netflix.discovery.provider.DiscoveryJerseyProvider.<init>(DiscoveryJerseyProvider.java:80) - Using XML encoding codec XStreamXml
[16:15:07:079] [INFO] - com.netflix.discovery.provider.DiscoveryJerseyProvider.<init>(DiscoveryJerseyProvider.java:81) - Using XML decoding codec XStreamXml
[16:15:07:241] [INFO] - com.netflix.discovery.shared.resolver.aws.ConfigClusterResolver.getClusterEndpoints(ConfigClusterResolver.java:43) - Resolving eureka endpoints via configuration
[16:15:07:908] [INFO] - com.netflix.discovery.DiscoveryClient.fetchRegistry(DiscoveryClient.java:958) - Disable delta property : false
[16:15:07:909] [INFO] - com.netflix.discovery.DiscoveryClient.fetchRegistry(DiscoveryClient.java:959) - Single vip registry refresh property : null
[16:15:07:909] [INFO] - com.netflix.discovery.DiscoveryClient.fetchRegistry(DiscoveryClient.java:960) - Force full registry fetch : false
[16:15:07:909] [INFO] - com.netflix.discovery.DiscoveryClient.fetchRegistry(DiscoveryClient.java:961) - Application is null : false
[16:15:07:909] [INFO] - com.netflix.discovery.DiscoveryClient.fetchRegistry(DiscoveryClient.java:962) - Registered Applications size is zero : true
[16:15:07:909] [INFO] - com.netflix.discovery.DiscoveryClient.fetchRegistry(DiscoveryClient.java:964) - Application version is -1: true
[16:15:07:909] [INFO] - com.netflix.discovery.DiscoveryClient.getAndStoreFullRegistry(DiscoveryClient.java:1047) - Getting all instance registry info from the eureka server
[16:15:08:144] [INFO] - com.netflix.discovery.DiscoveryClient.getAndStoreFullRegistry(DiscoveryClient.java:1056) - The response status is 200
[16:15:08:148] [INFO] - com.netflix.discovery.DiscoveryClient.initScheduledTasks(DiscoveryClient.java:1270) - Starting heartbeat executor: renew interval is: 30
[16:15:08:151] [INFO] - com.netflix.discovery.InstanceInfoReplicator.<init>(InstanceInfoReplicator.java:60) - InstanceInfoReplicator onDemand update allowed rate per min is 4
[16:15:08:157] [INFO] - com.netflix.discovery.DiscoveryClient.<init>(DiscoveryClient.java:449) - Discovery Client initialized at timestamp 1555920908154 with initial instances count: 3
[16:15:08:160] [INFO] - org.springframework.cloud.netflix.eureka.serviceregistry.EurekaServiceRegistry.register(EurekaServiceRegistry.java:42) - Registering application NAVIGATION-SERVICE with eureka with status UP
[16:15:08:161] [INFO] - com.netflix.discovery.DiscoveryClient$3.notify(DiscoveryClient.java:1305) - Saw local status change event StatusChangeEvent [timestamp=1555920908161, current=UP, previous=STARTING]
[16:15:08:164] [INFO] - com.netflix.discovery.DiscoveryClient.register(DiscoveryClient.java:826) - DiscoveryClient_NAVIGATION-SERVICE/DESKTOP-KRVLQ2R:Navigation-Service:8080: registering service...
[16:15:08:188] [INFO] - springfox.documentation.spring.web.plugins.DocumentationPluginsBootstrapper.onApplicationEvent(DocumentationPluginsBootstrapper.java:80) - Context refreshed
[16:15:08:201] [INFO] - springfox.documentation.spring.web.plugins.DocumentationPluginsBootstrapper.onApplicationEvent(DocumentationPluginsBootstrapper.java:83) - Found {0} custom documentation plugin(s)
[16:15:08:213] [INFO] - springfox.documentation.spring.web.scanners.ApiListingReferenceScanner.scan(ApiListingReferenceScanner.java:53) - Scanning for api listing references
[16:15:08:216] [INFO] - springfox.documentation.swagger.web.ClassOrApiAnnotationResourceGrouping$1.apply(ClassOrApiAnnotationResourceGrouping.java:100) - Group for method select was navigation
[16:15:08:218] [INFO] - springfox.documentation.spring.web.scanners.ApiListingReferenceScanner.scan(ApiListingReferenceScanner.java:72) - Request mapping: select belongs to groups: [[ResourceGroup{groupName='navigation', position=0, controller=top.harvie.ProjectTeam.controller.NavigationController}]] 
[16:15:08:219] [INFO] - springfox.documentation.swagger.web.ClassOrApiAnnotationResourceGrouping$1.apply(ClassOrApiAnnotationResourceGrouping.java:100) - Group for method delete was navigation
[16:15:08:219] [INFO] - springfox.documentation.spring.web.scanners.ApiListingReferenceScanner.scan(ApiListingReferenceScanner.java:72) - Request mapping: delete belongs to groups: [[ResourceGroup{groupName='navigation', position=0, controller=top.harvie.ProjectTeam.controller.NavigationController}]] 
[16:15:08:220] [INFO] - springfox.documentation.swagger.web.ClassOrApiAnnotationResourceGrouping$1.apply(ClassOrApiAnnotationResourceGrouping.java:100) - Group for method update was navigation
[16:15:08:220] [INFO] - springfox.documentation.spring.web.scanners.ApiListingReferenceScanner.scan(ApiListingReferenceScanner.java:72) - Request mapping: update belongs to groups: [[ResourceGroup{groupName='navigation', position=0, controller=top.harvie.ProjectTeam.controller.NavigationController}]] 
[16:15:08:220] [INFO] - springfox.documentation.swagger.web.ClassOrApiAnnotationResourceGrouping$1.apply(ClassOrApiAnnotationResourceGrouping.java:100) - Group for method add was navigation
[16:15:08:221] [INFO] - springfox.documentation.spring.web.scanners.ApiListingReferenceScanner.scan(ApiListingReferenceScanner.java:72) - Request mapping: add belongs to groups: [[ResourceGroup{groupName='navigation', position=0, controller=top.harvie.ProjectTeam.controller.NavigationController}]] 
[16:15:08:221] [INFO] - springfox.documentation.swagger.web.ClassOrApiAnnotationResourceGrouping$1.apply(ClassOrApiAnnotationResourceGrouping.java:100) - Group for method selectById was navigation
[16:15:08:222] [INFO] - springfox.documentation.spring.web.scanners.ApiListingReferenceScanner.scan(ApiListingReferenceScanner.java:72) - Request mapping: selectById belongs to groups: [[ResourceGroup{groupName='navigation', position=0, controller=top.harvie.ProjectTeam.controller.NavigationController}]] 
[16:15:08:222] [INFO] - springfox.documentation.swagger.web.ClassOrApiAnnotationResourceGrouping$1.apply(ClassOrApiAnnotationResourceGrouping.java:100) - Group for method uploadFile was filecontroller
[16:15:08:223] [INFO] - springfox.documentation.spring.web.scanners.ApiListingReferenceScanner.scan(ApiListingReferenceScanner.java:72) - Request mapping: uploadFile belongs to groups: [[ResourceGroup{groupName='filecontroller', position=0, controller=top.harvie.ProjectTeam.controller.FileController}]] 
[16:15:08:226] [INFO] - com.netflix.discovery.DiscoveryClient.register(DiscoveryClient.java:835) - DiscoveryClient_NAVIGATION-SERVICE/DESKTOP-KRVLQ2R:Navigation-Service:8080 - registration status: 204
[16:15:08:227] [INFO] - springfox.documentation.spring.web.scanners.ApiListingReferenceScanner.scan(ApiListingReferenceScanner.java:84) - Created resource listing Path: /top.harvie/navigation Description: navigation Position: 0
[16:15:08:228] [INFO] - springfox.documentation.spring.web.scanners.ApiListingReferenceScanner.scan(ApiListingReferenceScanner.java:84) - Created resource listing Path: /top.harvie/filecontroller Description: filecontroller Position: 0
[16:15:08:247] [INFO] - springfox.documentation.schema.ModelContextKeyGenerator.generate(ModelContextKeyGenerator.java:46) - Cache Key Generated: java.lang.Object(true)
[16:15:08:248] [INFO] - springfox.documentation.spring.web.caching.CachingAspect.modelsAndDependencies(CachingAspect.java:79) - Caching aspect applied for cache models with key java.lang.Object(true)
[16:15:08:252] [INFO] - springfox.documentation.schema.ModelContextKeyGenerator.generate(ModelContextKeyGenerator.java:46) - Cache Key Generated: java.lang.Object(true)
[16:15:08:253] [INFO] - springfox.documentation.spring.web.caching.CachingAspect.modelsAndDependencies(CachingAspect.java:79) - Caching aspect applied for cache modelDependencies with key java.lang.Object(true)
[16:15:08:257] [INFO] - springfox.documentation.spring.web.OperationsKeyGenerator.generate(OperationsKeyGenerator.java:51) - Cache key generated: /api/uploadFile.top.harvie.ProjectTeam.controller.FileController.uploadFile.CodeGenGenericTypeNamingStrategy
[16:15:08:257] [INFO] - springfox.documentation.spring.web.caching.CachingAspect.operationsAndProperties(CachingAspect.java:68) - Caching aspect applied for cache operations with key /api/uploadFile.top.harvie.ProjectTeam.controller.FileController.uploadFile.CodeGenGenericTypeNamingStrategy
[16:15:08:272] [INFO] - springfox.documentation.swagger.web.ClassOrApiAnnotationResourceGrouping$1.apply(ClassOrApiAnnotationResourceGrouping.java:100) - Group for method uploadFile was filecontroller
[16:15:08:280] [INFO] - springfox.documentation.swagger.web.ClassOrApiAnnotationResourceGrouping$1.apply(ClassOrApiAnnotationResourceGrouping.java:100) - Group for method uploadFile was filecontroller
[16:15:08:297] [INFO] - springfox.documentation.schema.ModelContextKeyGenerator.generate(ModelContextKeyGenerator.java:46) - Cache Key Generated: java.lang.Object(true)
[16:15:08:297] [INFO] - springfox.documentation.spring.web.caching.CachingAspect.modelsAndDependencies(CachingAspect.java:79) - Caching aspect applied for cache models with key java.lang.Object(true)
[16:15:08:298] [INFO] - springfox.documentation.schema.ModelContextKeyGenerator.generate(ModelContextKeyGenerator.java:46) - Cache Key Generated: java.lang.Object(true)
[16:15:08:298] [INFO] - springfox.documentation.spring.web.caching.CachingAspect.modelsAndDependencies(CachingAspect.java:79) - Caching aspect applied for cache modelDependencies with key java.lang.Object(true)
[16:15:08:298] [INFO] - springfox.documentation.schema.ModelContextKeyGenerator.generate(ModelContextKeyGenerator.java:46) - Cache Key Generated: top.harvie.ProjectTeam.dao.pojo.Navigation(false)
[16:15:08:299] [INFO] - springfox.documentation.spring.web.caching.CachingAspect.modelsAndDependencies(CachingAspect.java:79) - Caching aspect applied for cache models with key top.harvie.ProjectTeam.dao.pojo.Navigation(false)
[16:15:08:301] [INFO] - springfox.documentation.schema.property.ModelPropertiesKeyGenerator.generate(ModelPropertiesKeyGenerator.java:48) - Cache key generated: top.harvie.ProjectTeam.dao.pojo.Navigation(false)
[16:15:08:301] [INFO] - springfox.documentation.spring.web.caching.CachingAspect.operationsAndProperties(CachingAspect.java:68) - Caching aspect applied for cache modelProperties with key top.harvie.ProjectTeam.dao.pojo.Navigation(false)
[16:15:08:335] [INFO] - springfox.documentation.schema.ModelContextKeyGenerator.generate(ModelContextKeyGenerator.java:46) - Cache Key Generated: top.harvie.ProjectTeam.dao.pojo.Navigation(false)
[16:15:08:335] [INFO] - springfox.documentation.spring.web.caching.CachingAspect.modelsAndDependencies(CachingAspect.java:79) - Caching aspect applied for cache modelDependencies with key top.harvie.ProjectTeam.dao.pojo.Navigation(false)
[16:15:08:335] [INFO] - springfox.documentation.schema.property.ModelPropertiesKeyGenerator.generate(ModelPropertiesKeyGenerator.java:48) - Cache key generated: top.harvie.ProjectTeam.dao.pojo.Navigation(false)
[16:15:08:336] [INFO] - springfox.documentation.spring.web.caching.CachingAspect.operationsAndProperties(CachingAspect.java:68) - Caching aspect applied for cache modelProperties with key top.harvie.ProjectTeam.dao.pojo.Navigation(false)
[16:15:08:337] [INFO] - springfox.documentation.spring.web.OperationsKeyGenerator.generate(OperationsKeyGenerator.java:51) - Cache key generated: /api/navigation.top.harvie.ProjectTeam.controller.NavigationController.add.CodeGenGenericTypeNamingStrategy
[16:15:08:337] [INFO] - springfox.documentation.spring.web.caching.CachingAspect.operationsAndProperties(CachingAspect.java:68) - Caching aspect applied for cache operations with key /api/navigation.top.harvie.ProjectTeam.controller.NavigationController.add.CodeGenGenericTypeNamingStrategy
[16:15:08:339] [INFO] - springfox.documentation.swagger.web.ClassOrApiAnnotationResourceGrouping$1.apply(ClassOrApiAnnotationResourceGrouping.java:100) - Group for method add was navigation
[16:15:08:358] [INFO] - springfox.documentation.swagger.web.ClassOrApiAnnotationResourceGrouping$1.apply(ClassOrApiAnnotationResourceGrouping.java:100) - Group for method add was navigation
[16:15:08:364] [INFO] - springfox.documentation.schema.ModelContextKeyGenerator.generate(ModelContextKeyGenerator.java:46) - Cache Key Generated: java.lang.Object(true)
[16:15:08:365] [INFO] - springfox.documentation.spring.web.caching.CachingAspect.modelsAndDependencies(CachingAspect.java:79) - Caching aspect applied for cache models with key java.lang.Object(true)
[16:15:08:366] [INFO] - springfox.documentation.schema.ModelContextKeyGenerator.generate(ModelContextKeyGenerator.java:46) - Cache Key Generated: java.lang.Object(true)
[16:15:08:366] [INFO] - springfox.documentation.spring.web.caching.CachingAspect.modelsAndDependencies(CachingAspect.java:79) - Caching aspect applied for cache modelDependencies with key java.lang.Object(true)
[16:15:08:368] [INFO] - springfox.documentation.spring.web.OperationsKeyGenerator.generate(OperationsKeyGenerator.java:51) - Cache key generated: /api/navigation/delete.top.harvie.ProjectTeam.controller.NavigationController.delete.CodeGenGenericTypeNamingStrategy
[16:15:08:369] [INFO] - springfox.documentation.spring.web.caching.CachingAspect.operationsAndProperties(CachingAspect.java:68) - Caching aspect applied for cache operations with key /api/navigation/delete.top.harvie.ProjectTeam.controller.NavigationController.delete.CodeGenGenericTypeNamingStrategy
[16:15:08:374] [INFO] - springfox.documentation.swagger.web.ClassOrApiAnnotationResourceGrouping$1.apply(ClassOrApiAnnotationResourceGrouping.java:100) - Group for method delete was navigation
[16:15:08:377] [INFO] - springfox.documentation.swagger.web.ClassOrApiAnnotationResourceGrouping$1.apply(ClassOrApiAnnotationResourceGrouping.java:100) - Group for method delete was navigation
[16:15:08:381] [INFO] - springfox.documentation.schema.ModelContextKeyGenerator.generate(ModelContextKeyGenerator.java:46) - Cache Key Generated: java.lang.Object(true)
[16:15:08:381] [INFO] - springfox.documentation.spring.web.caching.CachingAspect.modelsAndDependencies(CachingAspect.java:79) - Caching aspect applied for cache models with key java.lang.Object(true)
[16:15:08:382] [INFO] - springfox.documentation.schema.ModelContextKeyGenerator.generate(ModelContextKeyGenerator.java:46) - Cache Key Generated: java.lang.Object(true)
[16:15:08:382] [INFO] - springfox.documentation.spring.web.caching.CachingAspect.modelsAndDependencies(CachingAspect.java:79) - Caching aspect applied for cache modelDependencies with key java.lang.Object(true)
[16:15:08:383] [INFO] - springfox.documentation.spring.web.OperationsKeyGenerator.generate(OperationsKeyGenerator.java:51) - Cache key generated: /api/navigation/all.top.harvie.ProjectTeam.controller.NavigationController.select.CodeGenGenericTypeNamingStrategy
[16:15:08:383] [INFO] - springfox.documentation.spring.web.caching.CachingAspect.operationsAndProperties(CachingAspect.java:68) - Caching aspect applied for cache operations with key /api/navigation/all.top.harvie.ProjectTeam.controller.NavigationController.select.CodeGenGenericTypeNamingStrategy
[16:15:08:385] [INFO] - springfox.documentation.swagger.web.ClassOrApiAnnotationResourceGrouping$1.apply(ClassOrApiAnnotationResourceGrouping.java:100) - Group for method select was navigation
[16:15:08:387] [INFO] - springfox.documentation.swagger.web.ClassOrApiAnnotationResourceGrouping$1.apply(ClassOrApiAnnotationResourceGrouping.java:100) - Group for method select was navigation
[16:15:08:391] [INFO] - springfox.documentation.schema.ModelContextKeyGenerator.generate(ModelContextKeyGenerator.java:46) - Cache Key Generated: java.lang.Object(true)
[16:15:08:391] [INFO] - springfox.documentation.spring.web.caching.CachingAspect.modelsAndDependencies(CachingAspect.java:79) - Caching aspect applied for cache models with key java.lang.Object(true)
[16:15:08:392] [INFO] - springfox.documentation.schema.ModelContextKeyGenerator.generate(ModelContextKeyGenerator.java:46) - Cache Key Generated: java.lang.Object(true)
[16:15:08:392] [INFO] - springfox.documentation.spring.web.caching.CachingAspect.modelsAndDependencies(CachingAspect.java:79) - Caching aspect applied for cache modelDependencies with key java.lang.Object(true)
[16:15:08:393] [INFO] - springfox.documentation.spring.web.OperationsKeyGenerator.generate(OperationsKeyGenerator.java:51) - Cache key generated: /api/navigation.top.harvie.ProjectTeam.controller.NavigationController.selectById.CodeGenGenericTypeNamingStrategy
[16:15:08:393] [INFO] - springfox.documentation.spring.web.caching.CachingAspect.operationsAndProperties(CachingAspect.java:68) - Caching aspect applied for cache operations with key /api/navigation.top.harvie.ProjectTeam.controller.NavigationController.selectById.CodeGenGenericTypeNamingStrategy
[16:15:08:395] [INFO] - springfox.documentation.swagger.web.ClassOrApiAnnotationResourceGrouping$1.apply(ClassOrApiAnnotationResourceGrouping.java:100) - Group for method selectById was navigation
[16:15:08:396] [INFO] - springfox.documentation.swagger.web.ClassOrApiAnnotationResourceGrouping$1.apply(ClassOrApiAnnotationResourceGrouping.java:100) - Group for method selectById was navigation
[16:15:08:399] [INFO] - springfox.documentation.schema.ModelContextKeyGenerator.generate(ModelContextKeyGenerator.java:46) - Cache Key Generated: java.lang.Object(true)
[16:15:08:399] [INFO] - springfox.documentation.spring.web.caching.CachingAspect.modelsAndDependencies(CachingAspect.java:79) - Caching aspect applied for cache models with key java.lang.Object(true)
[16:15:08:399] [INFO] - springfox.documentation.schema.ModelContextKeyGenerator.generate(ModelContextKeyGenerator.java:46) - Cache Key Generated: java.lang.Object(true)
[16:15:08:400] [INFO] - springfox.documentation.spring.web.caching.CachingAspect.modelsAndDependencies(CachingAspect.java:79) - Caching aspect applied for cache modelDependencies with key java.lang.Object(true)
[16:15:08:400] [INFO] - springfox.documentation.schema.ModelContextKeyGenerator.generate(ModelContextKeyGenerator.java:46) - Cache Key Generated: top.harvie.ProjectTeam.dao.pojo.Navigation(false)
[16:15:08:400] [INFO] - springfox.documentation.spring.web.caching.CachingAspect.modelsAndDependencies(CachingAspect.java:79) - Caching aspect applied for cache models with key top.harvie.ProjectTeam.dao.pojo.Navigation(false)
[16:15:08:401] [INFO] - springfox.documentation.schema.ModelContextKeyGenerator.generate(ModelContextKeyGenerator.java:46) - Cache Key Generated: top.harvie.ProjectTeam.dao.pojo.Navigation(false)
[16:15:08:402] [INFO] - springfox.documentation.spring.web.caching.CachingAspect.modelsAndDependencies(CachingAspect.java:79) - Caching aspect applied for cache modelDependencies with key top.harvie.ProjectTeam.dao.pojo.Navigation(false)
[16:15:08:403] [INFO] - springfox.documentation.spring.web.OperationsKeyGenerator.generate(OperationsKeyGenerator.java:51) - Cache key generated: /api/navigation/update.top.harvie.ProjectTeam.controller.NavigationController.update.CodeGenGenericTypeNamingStrategy
[16:15:08:403] [INFO] - springfox.documentation.spring.web.caching.CachingAspect.operationsAndProperties(CachingAspect.java:68) - Caching aspect applied for cache operations with key /api/navigation/update.top.harvie.ProjectTeam.controller.NavigationController.update.CodeGenGenericTypeNamingStrategy
[16:15:08:405] [INFO] - springfox.documentation.swagger.web.ClassOrApiAnnotationResourceGrouping$1.apply(ClassOrApiAnnotationResourceGrouping.java:100) - Group for method update was navigation
[16:15:08:406] [INFO] - springfox.documentation.swagger.web.ClassOrApiAnnotationResourceGrouping$1.apply(ClassOrApiAnnotationResourceGrouping.java:100) - Group for method update was navigation
[16:15:08:419] [INFO] - org.apache.juli.logging.DirectJDKLog.log(DirectJDKLog.java:173) - Starting ProtocolHandler ["https-jsse-nio-8080"]
[16:15:08:663] [INFO] - org.springframework.boot.web.embedded.tomcat.TomcatWebServer.start(TomcatWebServer.java:204) - Tomcat started on port(s): 8080 (https) with context path ''
[16:15:08:664] [INFO] - org.springframework.cloud.netflix.eureka.serviceregistry.EurekaAutoServiceRegistration.onApplicationEvent(EurekaAutoServiceRegistration.java:141) - Updating port to 8080
[16:15:08:666] [INFO] - org.springframework.boot.StartupInfoLogger.logStarted(StartupInfoLogger.java:59) - Started ProjectTeamApplication in 14.52 seconds (JVM running for 18.026)
[16:15:09:197] [INFO] - com.zaxxer.hikari.HikariDataSource.getConnection(HikariDataSource.java:110) - HikariPool-1 - Starting...
[16:15:09:201] [WARN] - com.zaxxer.hikari.util.DriverDataSource.<init>(DriverDataSource.java:68) - Registered driver with driverClassName=com.mysql.jdbc.Driver was not found, trying direct instantiation.
[16:15:10:143] [INFO] - com.zaxxer.hikari.HikariDataSource.getConnection(HikariDataSource.java:123) - HikariPool-1 - Start completed.
[16:15:10:508] [INFO] - io.lettuce.core.EpollProvider.<clinit>(EpollProvider.java:68) - Starting without optional epoll library
[16:15:10:512] [INFO] - io.lettuce.core.KqueueProvider.<clinit>(KqueueProvider.java:70) - Starting without optional kqueue library
[16:15:10:724] [INFO] - org.apache.juli.logging.DirectJDKLog.log(DirectJDKLog.java:173) - Initializing Spring DispatcherServlet 'dispatcherServlet'
[16:15:10:725] [INFO] - org.springframework.web.servlet.FrameworkServlet.initServletBean(FrameworkServlet.java:524) - Initializing Servlet 'dispatcherServlet'
[16:15:10:747] [INFO] - org.springframework.web.servlet.FrameworkServlet.initServletBean(FrameworkServlet.java:546) - Completed initialization in 22 ms
